[debug] [2025-02-24T17:58:45.680Z] ----------------------------------------------------------------------
[debug] [2025-02-24T17:58:45.683Z] Command:       C:\Program Files\nodejs\node.exe C:\Users\Tobías\AppData\Roaming\npm\node_modules\firebase-tools\lib\bin\firebase.js init
[debug] [2025-02-24T17:58:45.683Z] CLI Version:   13.31.2
[debug] [2025-02-24T17:58:45.683Z] Platform:      win32
[debug] [2025-02-24T17:58:45.683Z] Node Version:  v20.10.0
[debug] [2025-02-24T17:58:45.683Z] Time:          Mon Feb 24 2025 14:58:45 GMT-0300 (hora estándar de Argentina)
[debug] [2025-02-24T17:58:45.683Z] ----------------------------------------------------------------------
[debug] 
[debug] [2025-02-24T17:58:45.855Z] > command requires scopes: ["email","openid","https://www.googleapis.com/auth/cloudplatformprojects.readonly","https://www.googleapis.com/auth/firebase","https://www.googleapis.com/auth/cloud-platform"]
[debug] [2025-02-24T17:58:45.855Z] > authorizing via signed-in user (tobiasbelfiore@gmail.com)
[info] 
     ######## #### ########  ######## ########     ###     ######  ########
     ##        ##  ##     ## ##       ##     ##  ##   ##  ##       ##
     ######    ##  ########  ######   ########  #########  ######  ######
     ##        ##  ##    ##  ##       ##     ## ##     ##       ## ##
     ##       #### ##     ## ######## ########  ##     ##  ######  ########

You're about to initialize a Firebase project in this directory:

  C:\Users\Tobías\OneDrive - Grupo Nucleo SA\Escritorio\firebasetest

Before we get started, keep in mind:

  * You are initializing within an existing Firebase project directory

